<?xml version="1.0" encoding="UTF-8"?>
<!-- Generated by org.testng.reporters.JUnitXMLReporter -->
<testsuite ignored="0" hostname="DESKTOP-5F5KD8L" failures="0" tests="4" name="Default test" time="23.102" errors="0" timestamp="2023-04-01T14:57:12 IST">
  <testcase classname="validation.verifyclass" name="home" time="1.084"/>
  <testcase classname="validation.verifyclass" name="custdetails" time="0.992"/>
  <testcase classname="validation.verifyclass" name="managerlogin" time="2.149"/>
  <testcase classname="validation.verifyclass" name="seondmanager" time="3.542"/>
</testsuite> <!-- Default test -->
