<?xml version="1.0" encoding="UTF-8"?>
<testng-results ignored="0" total="4" passed="4" failed="0" skipped="0">
  <reporter-output>
  </reporter-output>
  <suite started-at="2023-04-01T14:56:49 IST" name="Default suite" finished-at="2023-04-01T14:57:12 IST" duration-ms="23102">
    <groups>
    </groups>
    <test started-at="2023-04-01T14:56:49 IST" name="Default test" finished-at="2023-04-01T14:57:12 IST" duration-ms="23102">
      <class name="validation.verifyclass">
        <test-method is-config="true" signature="beforefirst()[pri:0, instance:validation.verifyclass@192d43ce]" started-at="2023-04-01T14:56:49 IST" name="beforefirst" finished-at="2023-04-01T14:57:03 IST" duration-ms="14384" status="PASS">
          <reporter-output>
          </reporter-output>
        </test-method> <!-- beforefirst -->
        <test-method is-config="true" signature="banklogin()[pri:0, instance:validation.verifyclass@192d43ce]" started-at="2023-04-01T14:57:03 IST" name="banklogin" finished-at="2023-04-01T14:57:03 IST" duration-ms="142" status="PASS">
          <reporter-output>
          </reporter-output>
        </test-method> <!-- banklogin -->
        <test-method signature="home()[pri:0, instance:validation.verifyclass@192d43ce]" started-at="2023-04-01T14:57:03 IST" name="home" finished-at="2023-04-01T14:57:05 IST" duration-ms="1084" status="PASS">
          <reporter-output>
          </reporter-output>
        </test-method> <!-- home -->
        <test-method is-config="true" signature="banklogin()[pri:0, instance:validation.verifyclass@192d43ce]" started-at="2023-04-01T14:57:05 IST" name="banklogin" finished-at="2023-04-01T14:57:05 IST" duration-ms="0" status="PASS">
          <reporter-output>
          </reporter-output>
        </test-method> <!-- banklogin -->
        <test-method signature="custdetails()[pri:1, instance:validation.verifyclass@192d43ce]" started-at="2023-04-01T14:57:05 IST" name="custdetails" finished-at="2023-04-01T14:57:06 IST" duration-ms="992" status="PASS">
          <reporter-output>
          </reporter-output>
        </test-method> <!-- custdetails -->
        <test-method is-config="true" signature="banklogin()[pri:0, instance:validation.verifyclass@192d43ce]" started-at="2023-04-01T14:57:06 IST" name="banklogin" finished-at="2023-04-01T14:57:06 IST" duration-ms="0" status="PASS">
          <reporter-output>
          </reporter-output>
        </test-method> <!-- banklogin -->
        <test-method signature="managerlogin()[pri:2, instance:validation.verifyclass@192d43ce]" started-at="2023-04-01T14:57:06 IST" name="managerlogin" finished-at="2023-04-01T14:57:08 IST" duration-ms="2149" status="PASS">
          <reporter-output>
          </reporter-output>
        </test-method> <!-- managerlogin -->
        <test-method is-config="true" signature="banklogin()[pri:0, instance:validation.verifyclass@192d43ce]" started-at="2023-04-01T14:57:08 IST" name="banklogin" finished-at="2023-04-01T14:57:08 IST" duration-ms="1" status="PASS">
          <reporter-output>
          </reporter-output>
        </test-method> <!-- banklogin -->
        <test-method signature="seondmanager()[pri:3, instance:validation.verifyclass@192d43ce]" started-at="2023-04-01T14:57:08 IST" name="seondmanager" finished-at="2023-04-01T14:57:11 IST" duration-ms="3542" status="PASS">
          <reporter-output>
          </reporter-output>
        </test-method> <!-- seondmanager -->
        <test-method is-config="true" signature="endcls()[pri:0, instance:validation.verifyclass@192d43ce]" started-at="2023-04-01T14:57:11 IST" name="endcls" finished-at="2023-04-01T14:57:12 IST" duration-ms="700" status="PASS">
          <reporter-output>
          </reporter-output>
        </test-method> <!-- endcls -->
      </class> <!-- validation.verifyclass -->
    </test> <!-- Default test -->
  </suite> <!-- Default suite -->
</testng-results>
